2026-01-10 17:21:07,963 - 🚀 RESNET-PRO (Focal Loss + Partial Freeze) BAŞLIYOR
2026-01-10 17:21:46,103 - 
--- Seed 42 ---
2026-01-10 17:23:32,349 - Ep 5: Train Loss: 0.0484 | Val Acc: 49.31% | LR: 0.000500
2026-01-10 17:25:11,077 - Ep 10: Train Loss: 0.0217 | Val Acc: 44.10% | LR: 0.000250
2026-01-10 17:26:49,727 - Ep 15: Train Loss: 0.0081 | Val Acc: 60.07% | LR: 0.000250
2026-01-10 17:28:08,615 - 🛑 Early Stopping @ Ep 19
2026-01-10 17:28:08,617 - ✅ En İyi Model: 64.24%
2026-01-10 17:28:08,617 - 
--- Seed 43 ---
2026-01-10 17:29:48,175 - Ep 5: Train Loss: 0.0546 | Val Acc: 72.22% | LR: 0.000500
2026-01-10 17:31:27,535 - Ep 10: Train Loss: 0.0305 | Val Acc: 51.74% | LR: 0.000500
2026-01-10 17:33:06,498 - Ep 15: Train Loss: 0.0085 | Val Acc: 55.90% | LR: 0.000250
2026-01-10 17:34:45,467 - Ep 20: Train Loss: 0.0009 | Val Acc: 52.08% | LR: 0.000125
2026-01-10 17:34:45,467 - 🛑 Early Stopping @ Ep 20
2026-01-10 17:34:45,468 - ✅ En İyi Model: 72.22%
2026-01-10 17:34:45,469 - 
--- Seed 44 ---
2026-01-10 17:36:25,690 - Ep 5: Train Loss: 0.0530 | Val Acc: 60.07% | LR: 0.000500
2026-01-10 17:38:05,016 - Ep 10: Train Loss: 0.0211 | Val Acc: 51.74% | LR: 0.000500
2026-01-10 17:39:44,019 - Ep 15: Train Loss: 0.0068 | Val Acc: 64.58% | LR: 0.000250
2026-01-10 17:41:23,046 - Ep 20: Train Loss: 0.0008 | Val Acc: 49.65% | LR: 0.000125
2026-01-10 17:41:42,817 - 🛑 Early Stopping @ Ep 21
2026-01-10 17:41:42,818 - ✅ En İyi Model: 72.92%
2026-01-10 17:41:42,818 - 
--- Seed 45 ---
2026-01-10 17:43:22,312 - Ep 5: Train Loss: 0.0519 | Val Acc: 52.08% | LR: 0.000500
2026-01-10 17:45:01,046 - Ep 10: Train Loss: 0.0109 | Val Acc: 59.72% | LR: 0.000250
2026-01-10 17:46:39,924 - Ep 15: Train Loss: 0.0056 | Val Acc: 58.33% | LR: 0.000125
2026-01-10 17:47:19,376 - 🛑 Early Stopping @ Ep 17
2026-01-10 17:47:19,376 - ✅ En İyi Model: 71.53%
2026-01-10 17:47:19,377 - 
--- Seed 46 ---
2026-01-10 17:48:59,368 - Ep 5: Train Loss: 0.0557 | Val Acc: 38.89% | LR: 0.000500
2026-01-10 17:50:38,477 - Ep 10: Train Loss: 0.0167 | Val Acc: 43.75% | LR: 0.000500
2026-01-10 17:52:17,400 - Ep 15: Train Loss: 0.0040 | Val Acc: 54.86% | LR: 0.000250
2026-01-10 17:53:56,029 - Ep 20: Train Loss: 0.0008 | Val Acc: 53.82% | LR: 0.000125
2026-01-10 17:54:35,633 - 🛑 Early Stopping @ Ep 22
2026-01-10 17:54:35,633 - ✅ En İyi Model: 65.97%
2026-01-10 17:54:35,634 - 
🏆 FINAL TEST (RESNET-PRO)
2026-01-10 18:24:22,494 - 🚀 RESNET-PRO (Focal Loss + Partial Freeze) BAŞLIYOR
2026-01-10 18:24:41,028 - 🚀 RESNET-PRO (Focal Loss + Partial Freeze) BAŞLIYOR
2026-01-10 18:25:16,665 - 
--- Seed 42 ---
2026-01-10 18:27:04,392 - Ep 5: Train Loss: 0.0661 | Val Acc: 59.71% | LR: 0.000500
2026-01-10 18:28:44,437 - Ep 10: Train Loss: 0.0476 | Val Acc: 65.93% | LR: 0.000500
2026-01-10 18:30:24,244 - Ep 15: Train Loss: 0.0060 | Val Acc: 61.90% | LR: 0.000250
2026-01-10 18:32:04,150 - Ep 20: Train Loss: 0.0033 | Val Acc: 64.10% | LR: 0.000125
2026-01-10 18:32:44,050 - 🛑 Early Stopping @ Ep 22
2026-01-10 18:32:44,051 - ✅ En İyi Model: 71.79%
2026-01-10 18:32:44,051 - 
--- Seed 43 ---
2026-01-10 18:34:24,438 - Ep 5: Train Loss: 0.0481 | Val Acc: 46.15% | LR: 0.000500
2026-01-10 18:36:04,476 - Ep 10: Train Loss: 0.0161 | Val Acc: 69.60% | LR: 0.000250
2026-01-10 18:37:44,738 - Ep 15: Train Loss: 0.0153 | Val Acc: 60.44% | LR: 0.000250
2026-01-10 18:39:24,709 - Ep 20: Train Loss: 0.0045 | Val Acc: 58.97% | LR: 0.000125
2026-01-10 18:41:04,523 - Ep 25: Train Loss: 0.0041 | Val Acc: 63.00% | LR: 0.000063
2026-01-10 18:41:24,424 - 🛑 Early Stopping @ Ep 26
2026-01-10 18:41:24,425 - ✅ En İyi Model: 79.49%
2026-01-10 18:41:24,425 - 
--- Seed 44 ---
2026-01-10 18:43:05,611 - Ep 5: Train Loss: 0.0673 | Val Acc: 57.88% | LR: 0.000500
2026-01-10 18:44:45,645 - Ep 10: Train Loss: 0.0298 | Val Acc: 61.90% | LR: 0.000250
2026-01-10 18:46:25,648 - Ep 15: Train Loss: 0.0109 | Val Acc: 60.44% | LR: 0.000125
2026-01-10 18:47:25,657 - 🛑 Early Stopping @ Ep 18
2026-01-10 18:47:25,658 - ✅ En İyi Model: 65.57%
2026-01-10 18:47:25,659 - 
--- Seed 45 ---
2026-01-10 18:49:06,570 - Ep 5: Train Loss: 0.0594 | Val Acc: 46.52% | LR: 0.000500
2026-01-10 18:50:46,806 - Ep 10: Train Loss: 0.0285 | Val Acc: 57.14% | LR: 0.000500
2026-01-10 18:52:26,661 - Ep 15: Train Loss: 0.0281 | Val Acc: 60.81% | LR: 0.000250
2026-01-10 18:54:06,499 - Ep 20: Train Loss: 0.0017 | Val Acc: 52.75% | LR: 0.000250
2026-01-10 18:55:26,204 - 🛑 Early Stopping @ Ep 24
2026-01-10 18:55:26,205 - ✅ En İyi Model: 75.46%
2026-01-10 18:55:26,205 - 
--- Seed 46 ---
2026-01-10 18:57:06,974 - Ep 5: Train Loss: 0.0550 | Val Acc: 53.48% | LR: 0.000500
2026-01-10 18:58:47,566 - Ep 10: Train Loss: 0.0486 | Val Acc: 66.67% | LR: 0.000500
2026-01-10 19:00:27,452 - Ep 15: Train Loss: 0.0162 | Val Acc: 64.84% | LR: 0.000250
2026-01-10 19:02:07,319 - Ep 20: Train Loss: 0.0074 | Val Acc: 63.37% | LR: 0.000125
2026-01-10 19:03:07,039 - 🛑 Early Stopping @ Ep 23
2026-01-10 19:03:07,040 - ✅ En İyi Model: 73.26%
2026-01-10 19:03:07,040 - 
🏆 FINAL TEST (RESNET-PRO)
2026-01-10 19:23:18,760 - 🚀 RESNET-PRO (Focal Loss + Partial Freeze) BAŞLIYOR
2026-01-10 19:23:23,823 - 
--- Seed 42 ---
2026-01-10 19:23:44,042 - Ep 5: Train Loss: 0.0619 | Val Acc: 26.92% | LR: 0.000500
2026-01-10 19:23:59,864 - Ep 10: Train Loss: 0.0385 | Val Acc: 22.44% | LR: 0.000250
2026-01-10 19:24:16,060 - Ep 15: Train Loss: 0.0088 | Val Acc: 16.67% | LR: 0.000125
2026-01-10 19:24:19,225 - 🛑 Early Stopping @ Ep 16
2026-01-10 19:24:19,225 - ✅ En İyi Model: 42.31%
2026-01-10 19:24:19,226 - 
--- Seed 43 ---
2026-01-10 19:24:36,390 - Ep 5: Train Loss: 0.0522 | Val Acc: 30.13% | LR: 0.000500
2026-01-10 19:24:52,486 - Ep 10: Train Loss: 0.0319 | Val Acc: 23.72% | LR: 0.000250
2026-01-10 19:25:08,842 - Ep 15: Train Loss: 0.0165 | Val Acc: 26.28% | LR: 0.000125
2026-01-10 19:25:18,294 - 🛑 Early Stopping @ Ep 18
2026-01-10 19:25:18,295 - ✅ En İyi Model: 44.87%
2026-01-10 19:25:18,296 - 
--- Seed 44 ---
2026-01-10 19:25:34,638 - Ep 5: Train Loss: 0.0837 | Val Acc: 41.67% | LR: 0.000500
2026-01-10 19:25:51,218 - Ep 10: Train Loss: 0.0284 | Val Acc: 28.85% | LR: 0.000250
2026-01-10 19:26:06,964 - Ep 15: Train Loss: 0.0132 | Val Acc: 24.36% | LR: 0.000125
2026-01-10 19:26:10,596 - 🛑 Early Stopping @ Ep 16
2026-01-10 19:26:10,596 - ✅ En İyi Model: 42.31%
2026-01-10 19:26:10,597 - 
--- Seed 45 ---
2026-01-10 19:26:27,213 - Ep 5: Train Loss: 0.0703 | Val Acc: 30.77% | LR: 0.000500
2026-01-10 19:26:43,704 - Ep 10: Train Loss: 0.0391 | Val Acc: 23.72% | LR: 0.000250
2026-01-10 19:26:59,496 - Ep 15: Train Loss: 0.0133 | Val Acc: 19.23% | LR: 0.000125
2026-01-10 19:27:09,026 - 🛑 Early Stopping @ Ep 18
2026-01-10 19:27:09,026 - ✅ En İyi Model: 43.59%
2026-01-10 19:27:09,027 - 
--- Seed 46 ---
2026-01-10 19:27:25,575 - Ep 5: Train Loss: 0.0924 | Val Acc: 39.10% | LR: 0.000500
2026-01-10 19:27:42,639 - Ep 10: Train Loss: 0.0267 | Val Acc: 35.26% | LR: 0.000250
2026-01-10 19:27:58,724 - Ep 15: Train Loss: 0.0124 | Val Acc: 23.72% | LR: 0.000125
2026-01-10 19:28:01,938 - 🛑 Early Stopping @ Ep 16
2026-01-10 19:28:01,939 - ✅ En İyi Model: 57.69%
2026-01-10 19:28:01,940 - 
🏆 FINAL TEST (RESNET-PRO)
2026-01-10 20:04:17,449 - 🚀 RESNET-PRO (Focal Loss + Partial Freeze) BAŞLIYOR
2026-01-10 20:04:51,971 - 
--- Seed 42 ---
2026-01-10 20:06:33,180 - Ep 5: Train Loss: 0.0579 | Val Acc: 43.26% | LR: 0.000500
2026-01-10 20:25:07,241 - 🚀 RESNET-PRO (Focal Loss + Partial Freeze) BAŞLIYOR
2026-01-10 20:25:29,455 - 
--- Seed 42 ---
2026-01-10 20:26:26,075 - Ep 5: Train Loss: 0.0831 | Val Acc: 65.55% | LR: 0.000500
2026-01-10 20:27:18,818 - Ep 10: Train Loss: 0.0375 | Val Acc: 55.46% | LR: 0.000250
2026-01-10 20:28:11,646 - Ep 15: Train Loss: 0.0175 | Val Acc: 51.26% | LR: 0.000125
2026-01-10 20:28:43,223 - 🛑 Early Stopping @ Ep 18
2026-01-10 20:28:43,224 - ✅ En İyi Model: 72.27%
2026-01-10 20:28:43,225 - 
--- Seed 43 ---
2026-01-10 20:29:36,242 - Ep 5: Train Loss: 0.0986 | Val Acc: 66.39% | LR: 0.000500
2026-01-10 20:30:29,246 - Ep 10: Train Loss: 0.0362 | Val Acc: 53.78% | LR: 0.000250
2026-01-10 20:31:21,489 - Ep 15: Train Loss: 0.0147 | Val Acc: 56.30% | LR: 0.000125
2026-01-10 20:31:42,761 - 🛑 Early Stopping @ Ep 17
2026-01-10 20:31:42,761 - ✅ En İyi Model: 66.39%
2026-01-10 20:31:42,762 - 
--- Seed 44 ---
2026-01-10 20:32:36,479 - Ep 5: Train Loss: 0.0971 | Val Acc: 58.82% | LR: 0.000500
2026-01-10 20:33:28,709 - Ep 10: Train Loss: 0.0394 | Val Acc: 48.74% | LR: 0.000250
2026-01-10 20:34:21,604 - Ep 15: Train Loss: 0.0214 | Val Acc: 56.30% | LR: 0.000125
2026-01-10 20:34:42,266 - 🛑 Early Stopping @ Ep 17
2026-01-10 20:34:42,267 - ✅ En İyi Model: 65.55%
2026-01-10 20:34:42,267 - 
--- Seed 45 ---
2026-01-10 20:35:35,682 - Ep 5: Train Loss: 0.0829 | Val Acc: 51.26% | LR: 0.000500
2026-01-10 20:36:28,467 - Ep 10: Train Loss: 0.0515 | Val Acc: 71.43% | LR: 0.000250
2026-01-10 20:37:21,029 - Ep 15: Train Loss: 0.0335 | Val Acc: 55.46% | LR: 0.000250
2026-01-10 21:02:47,932 - 🚀 RESNET-PRO (Focal Loss + Partial Freeze) BAŞLIYOR
2026-01-10 21:03:07,021 - 
--- Seed 42 ---
2026-01-10 22:54:15,586 - 🚀 RESNET-PRO (Focal Loss + Partial Freeze) BAŞLIYOR
2026-01-10 22:54:22,514 - 
--- Seed 42 ---
2026-01-10 22:54:47,986 - Ep 5: Train Loss: 0.0997 | Val Acc: 77.12% | LR: 0.000500
2026-01-10 22:55:08,009 - Ep 10: Train Loss: 0.0786 | Val Acc: 79.74% | LR: 0.000500
2026-01-10 22:55:27,990 - Ep 15: Train Loss: 0.0513 | Val Acc: 79.74% | LR: 0.000500
2026-01-10 22:55:47,851 - Ep 20: Train Loss: 0.0453 | Val Acc: 75.82% | LR: 0.000250
2026-01-10 22:56:09,026 - Ep 25: Train Loss: 0.0107 | Val Acc: 71.24% | LR: 0.000125
2026-01-10 22:56:13,069 - 🛑 Early Stopping @ Ep 26
2026-01-10 22:56:13,069 - ✅ En İyi Model: 85.62%
2026-01-10 22:56:13,071 - 
--- Seed 43 ---
2026-01-10 22:56:35,944 - Ep 5: Train Loss: 0.1030 | Val Acc: 64.71% | LR: 0.000500
2026-01-10 22:56:56,563 - Ep 10: Train Loss: 0.0584 | Val Acc: 71.24% | LR: 0.000500
2026-01-10 22:57:18,081 - Ep 15: Train Loss: 0.0461 | Val Acc: 69.28% | LR: 0.000500
2026-01-10 22:57:38,395 - Ep 20: Train Loss: 0.0295 | Val Acc: 72.55% | LR: 0.000250
2026-01-10 22:57:59,560 - Ep 25: Train Loss: 0.0073 | Val Acc: 65.36% | LR: 0.000125
2026-01-10 22:58:11,763 - 🛑 Early Stopping @ Ep 28
2026-01-10 22:58:11,765 - ✅ En İyi Model: 76.47%
2026-01-10 22:58:11,766 - 
--- Seed 44 ---
2026-01-10 22:58:34,138 - Ep 5: Train Loss: 0.0870 | Val Acc: 52.29% | LR: 0.000500
2026-01-10 22:58:55,652 - Ep 10: Train Loss: 0.0690 | Val Acc: 72.55% | LR: 0.000500
2026-01-10 22:59:15,832 - Ep 15: Train Loss: 0.0721 | Val Acc: 60.78% | LR: 0.000250
2026-01-10 22:59:35,566 - Ep 20: Train Loss: 0.0398 | Val Acc: 73.86% | LR: 0.000125
2026-01-10 22:59:46,893 - 🛑 Early Stopping @ Ep 23
2026-01-10 22:59:46,894 - ✅ En İyi Model: 80.39%
2026-01-10 22:59:46,895 - 
--- Seed 45 ---
2026-01-10 23:00:07,657 - Ep 5: Train Loss: 0.1070 | Val Acc: 76.47% | LR: 0.000500
2026-01-10 23:00:29,127 - Ep 10: Train Loss: 0.0680 | Val Acc: 73.86% | LR: 0.000500
2026-01-10 23:00:49,905 - Ep 15: Train Loss: 0.0700 | Val Acc: 79.74% | LR: 0.000500
2026-01-10 23:01:11,144 - Ep 20: Train Loss: 0.0209 | Val Acc: 79.08% | LR: 0.000250
2026-01-10 23:01:31,253 - Ep 25: Train Loss: 0.0048 | Val Acc: 74.51% | LR: 0.000125
2026-01-10 23:01:36,319 - 🛑 Early Stopping @ Ep 26
2026-01-10 23:01:36,320 - ✅ En İyi Model: 81.70%
2026-01-10 23:01:36,320 - 
--- Seed 46 ---
2026-01-10 23:01:57,750 - Ep 5: Train Loss: 0.1006 | Val Acc: 77.78% | LR: 0.000500
2026-01-10 23:02:19,268 - Ep 10: Train Loss: 0.0697 | Val Acc: 72.55% | LR: 0.000500
2026-01-10 23:02:40,747 - Ep 15: Train Loss: 0.0698 | Val Acc: 74.51% | LR: 0.000500
2026-01-10 23:03:00,959 - Ep 20: Train Loss: 0.0170 | Val Acc: 71.90% | LR: 0.000250
2026-01-10 23:03:22,102 - Ep 25: Train Loss: 0.0136 | Val Acc: 73.20% | LR: 0.000125
2026-01-10 23:03:26,176 - 🛑 Early Stopping @ Ep 26
2026-01-10 23:03:26,177 - ✅ En İyi Model: 78.43%
2026-01-10 23:03:26,178 - 
🏆 FINAL TEST (RESNET-PRO)
2026-01-10 23:41:47,301 - 🚀 RESNET-PRO (Focal Loss + Partial Freeze) BAŞLIYOR
2026-01-10 23:42:07,894 - 
--- Seed 42 ---
2026-01-10 23:43:32,799 - Ep 5: Train Loss: 0.0831 | Val Acc: 65.55% | LR: 0.000500
2026-01-10 23:44:50,830 - Ep 10: Train Loss: 0.0375 | Val Acc: 55.46% | LR: 0.000250
2026-01-10 23:46:08,377 - Ep 15: Train Loss: 0.0175 | Val Acc: 51.26% | LR: 0.000125
2026-01-10 23:46:53,952 - 🛑 Early Stopping @ Ep 18
2026-01-10 23:46:53,953 - ✅ En İyi Model: 72.27%
2026-01-10 23:46:53,953 - 
--- Seed 43 ---
2026-01-10 23:48:12,829 - Ep 5: Train Loss: 0.0986 | Val Acc: 66.39% | LR: 0.000500
2026-01-10 23:49:30,388 - Ep 10: Train Loss: 0.0362 | Val Acc: 53.78% | LR: 0.000250
2026-01-10 23:50:26,242 - Ep 15: Train Loss: 0.0147 | Val Acc: 56.30% | LR: 0.000125
2026-01-10 23:50:46,772 - 🛑 Early Stopping @ Ep 17
2026-01-10 23:50:46,773 - ✅ En İyi Model: 66.39%
2026-01-10 23:50:46,773 - 
--- Seed 44 ---
2026-01-10 23:51:50,807 - Ep 5: Train Loss: 0.0971 | Val Acc: 58.82% | LR: 0.000500
2026-01-10 23:53:11,962 - Ep 10: Train Loss: 0.0394 | Val Acc: 48.74% | LR: 0.000250
2026-01-10 23:54:34,607 - Ep 15: Train Loss: 0.0214 | Val Acc: 56.30% | LR: 0.000125
2026-01-10 23:55:07,770 - 🛑 Early Stopping @ Ep 17
2026-01-10 23:55:07,770 - ✅ En İyi Model: 65.55%
2026-01-10 23:55:07,771 - 
--- Seed 45 ---
2026-01-10 23:56:30,725 - Ep 5: Train Loss: 0.0829 | Val Acc: 51.26% | LR: 0.000500
2026-01-10 23:57:54,394 - Ep 10: Train Loss: 0.0515 | Val Acc: 71.43% | LR: 0.000250
2026-01-10 23:59:16,778 - Ep 15: Train Loss: 0.0335 | Val Acc: 55.46% | LR: 0.000250
2026-01-11 00:00:40,762 - Ep 20: Train Loss: 0.0090 | Val Acc: 61.34% | LR: 0.000125
2026-01-11 00:02:03,247 - Ep 25: Train Loss: 0.0024 | Val Acc: 57.98% | LR: 0.000063
2026-01-11 00:02:03,247 - 🛑 Early Stopping @ Ep 25
2026-01-11 00:02:03,248 - ✅ En İyi Model: 71.43%
2026-01-11 00:02:03,248 - 
--- Seed 46 ---
2026-01-11 00:03:27,147 - Ep 5: Train Loss: 0.0662 | Val Acc: 49.58% | LR: 0.000500
2026-01-11 00:04:50,008 - Ep 10: Train Loss: 0.0624 | Val Acc: 52.10% | LR: 0.000250
2026-01-11 00:06:09,586 - Ep 15: Train Loss: 0.0187 | Val Acc: 52.10% | LR: 0.000125
2026-01-11 00:06:42,981 - 🛑 Early Stopping @ Ep 17
2026-01-11 00:06:42,981 - ✅ En İyi Model: 67.23%
2026-01-11 00:06:42,982 - 
🏆 FINAL TEST (RESNET-PRO)
2026-01-11 08:16:51,641 - 🚀 RESNET-PRO (Focal Loss + Partial Freeze) BAŞLIYOR
2026-01-11 08:16:56,175 - 
--- Seed 42 ---
2026-01-11 08:17:20,899 - Ep 5: Train Loss: 0.0997 | Val Acc: 77.12% | LR: 0.000500
2026-01-11 08:17:36,656 - Ep 10: Train Loss: 0.0786 | Val Acc: 79.74% | LR: 0.000500
2026-01-11 08:17:54,758 - Ep 15: Train Loss: 0.0513 | Val Acc: 79.74% | LR: 0.000500
2026-01-11 08:18:09,942 - Ep 20: Train Loss: 0.0453 | Val Acc: 75.82% | LR: 0.000250
2026-01-11 08:18:27,426 - Ep 25: Train Loss: 0.0107 | Val Acc: 71.24% | LR: 0.000125
2026-01-11 08:18:30,482 - 🛑 Early Stopping @ Ep 26
2026-01-11 08:18:30,482 - ✅ En İyi Model: 85.62%
2026-01-11 08:18:30,483 - 
--- Seed 43 ---
2026-01-11 08:18:47,191 - Ep 5: Train Loss: 0.1030 | Val Acc: 64.71% | LR: 0.000500
2026-01-11 08:19:05,252 - Ep 10: Train Loss: 0.0584 | Val Acc: 71.24% | LR: 0.000500
2026-01-11 08:19:20,876 - Ep 15: Train Loss: 0.0461 | Val Acc: 69.28% | LR: 0.000500
2026-01-11 08:19:38,535 - Ep 20: Train Loss: 0.0295 | Val Acc: 72.55% | LR: 0.000250
2026-01-11 08:19:53,843 - Ep 25: Train Loss: 0.0073 | Val Acc: 65.36% | LR: 0.000125
2026-01-11 08:20:05,381 - 🛑 Early Stopping @ Ep 28
2026-01-11 08:20:05,381 - ✅ En İyi Model: 76.47%
2026-01-11 08:20:05,382 - 
--- Seed 44 ---
2026-01-11 08:20:21,948 - Ep 5: Train Loss: 0.0870 | Val Acc: 52.29% | LR: 0.000500
2026-01-11 08:20:39,798 - Ep 10: Train Loss: 0.0690 | Val Acc: 72.55% | LR: 0.000500
2026-01-11 08:20:55,127 - Ep 15: Train Loss: 0.0721 | Val Acc: 60.78% | LR: 0.000250
2026-01-11 08:21:12,664 - Ep 20: Train Loss: 0.0398 | Val Acc: 73.86% | LR: 0.000125
2026-01-11 08:21:21,815 - 🛑 Early Stopping @ Ep 23
2026-01-11 08:21:21,816 - ✅ En İyi Model: 80.39%
2026-01-11 08:21:21,817 - 
--- Seed 45 ---
2026-01-11 08:21:37,855 - Ep 5: Train Loss: 0.1070 | Val Acc: 76.47% | LR: 0.000500
2026-01-11 08:21:55,947 - Ep 10: Train Loss: 0.0680 | Val Acc: 73.86% | LR: 0.000500
2026-01-11 08:22:11,417 - Ep 15: Train Loss: 0.0700 | Val Acc: 79.74% | LR: 0.000500
2026-01-11 08:22:29,034 - Ep 20: Train Loss: 0.0209 | Val Acc: 79.08% | LR: 0.000250
2026-01-11 08:22:43,771 - Ep 25: Train Loss: 0.0048 | Val Acc: 74.51% | LR: 0.000125
2026-01-11 08:22:46,711 - 🛑 Early Stopping @ Ep 26
2026-01-11 08:22:46,712 - ✅ En İyi Model: 81.70%
2026-01-11 08:22:46,712 - 
--- Seed 46 ---
2026-01-11 08:23:05,984 - Ep 5: Train Loss: 0.1006 | Val Acc: 77.78% | LR: 0.000500
2026-01-11 08:23:21,935 - Ep 10: Train Loss: 0.0697 | Val Acc: 72.55% | LR: 0.000500
2026-01-11 08:23:39,199 - Ep 15: Train Loss: 0.0698 | Val Acc: 74.51% | LR: 0.000500
2026-01-11 08:23:54,371 - Ep 20: Train Loss: 0.0170 | Val Acc: 71.90% | LR: 0.000250
2026-01-11 08:24:11,995 - Ep 25: Train Loss: 0.0136 | Val Acc: 73.20% | LR: 0.000125
2026-01-11 08:24:15,045 - 🛑 Early Stopping @ Ep 26
2026-01-11 08:24:15,046 - ✅ En İyi Model: 78.43%
2026-01-11 08:24:15,046 - 
🏆 FINAL TEST (RESNET-PRO)
2026-01-11 09:32:58,839 - 🚀 RESNET-PRO (Focal Loss + Partial Freeze) BAŞLIYOR
2026-01-11 09:33:03,315 - 
--- Seed 42 ---
2026-01-11 09:33:28,289 - Ep 5: Train Loss: 0.0997 | Val Acc: 77.12% | LR: 0.000500
2026-01-11 09:33:44,148 - Ep 10: Train Loss: 0.0786 | Val Acc: 79.74% | LR: 0.000500
2026-01-11 09:34:02,162 - Ep 15: Train Loss: 0.0513 | Val Acc: 79.74% | LR: 0.000500
2026-01-11 09:34:17,441 - Ep 20: Train Loss: 0.0453 | Val Acc: 75.82% | LR: 0.000250
2026-01-11 09:34:34,924 - Ep 25: Train Loss: 0.0107 | Val Acc: 71.24% | LR: 0.000125
2026-01-11 09:34:38,161 - 🛑 Early Stopping @ Ep 26
2026-01-11 09:34:38,162 - ✅ En İyi Model: 85.62%
2026-01-11 09:34:38,162 - 
--- Seed 43 ---
2026-01-11 09:34:54,740 - Ep 5: Train Loss: 0.1030 | Val Acc: 64.71% | LR: 0.000500
2026-01-11 09:35:12,795 - Ep 10: Train Loss: 0.0584 | Val Acc: 71.24% | LR: 0.000500
2026-01-11 09:35:28,537 - Ep 15: Train Loss: 0.0461 | Val Acc: 69.28% | LR: 0.000500
2026-01-11 09:35:46,064 - Ep 20: Train Loss: 0.0295 | Val Acc: 72.55% | LR: 0.000250
2026-01-11 09:36:01,336 - Ep 25: Train Loss: 0.0073 | Val Acc: 65.36% | LR: 0.000125
2026-01-11 09:36:10,677 - 🛑 Early Stopping @ Ep 28
2026-01-11 09:36:10,678 - ✅ En İyi Model: 76.47%
2026-01-11 09:36:10,679 - 
--- Seed 44 ---
2026-01-11 09:36:29,581 - Ep 5: Train Loss: 0.0870 | Val Acc: 52.29% | LR: 0.000500
2026-01-11 09:36:45,396 - Ep 10: Train Loss: 0.0690 | Val Acc: 72.55% | LR: 0.000500
2026-01-11 09:37:02,654 - Ep 15: Train Loss: 0.0721 | Val Acc: 60.78% | LR: 0.000250
2026-01-11 09:37:18,233 - Ep 20: Train Loss: 0.0398 | Val Acc: 73.86% | LR: 0.000125
2026-01-11 09:37:29,392 - 🛑 Early Stopping @ Ep 23
2026-01-11 09:37:29,393 - ✅ En İyi Model: 80.39%
2026-01-11 09:37:29,394 - 
--- Seed 45 ---
2026-01-11 09:37:45,872 - Ep 5: Train Loss: 0.1070 | Val Acc: 76.47% | LR: 0.000500
2026-01-11 09:38:03,986 - Ep 10: Train Loss: 0.0680 | Val Acc: 73.86% | LR: 0.000500
2026-01-11 09:38:19,925 - Ep 15: Train Loss: 0.0700 | Val Acc: 79.74% | LR: 0.000500
2026-01-11 09:38:37,421 - Ep 20: Train Loss: 0.0209 | Val Acc: 79.08% | LR: 0.000250
2026-01-11 09:38:52,983 - Ep 25: Train Loss: 0.0048 | Val Acc: 74.51% | LR: 0.000125
2026-01-11 09:38:56,142 - 🛑 Early Stopping @ Ep 26
2026-01-11 09:38:56,143 - ✅ En İyi Model: 81.70%
2026-01-11 09:38:56,144 - 
--- Seed 46 ---
2026-01-11 09:39:14,833 - Ep 5: Train Loss: 0.1006 | Val Acc: 77.78% | LR: 0.000500
2026-01-11 09:39:30,696 - Ep 10: Train Loss: 0.0697 | Val Acc: 72.55% | LR: 0.000500
2026-01-11 09:39:48,590 - Ep 15: Train Loss: 0.0698 | Val Acc: 74.51% | LR: 0.000500
2026-01-11 09:40:04,204 - Ep 20: Train Loss: 0.0170 | Val Acc: 71.90% | LR: 0.000250
2026-01-11 09:40:21,715 - Ep 25: Train Loss: 0.0136 | Val Acc: 73.20% | LR: 0.000125
2026-01-11 09:40:24,779 - 🛑 Early Stopping @ Ep 26
2026-01-11 09:40:24,780 - ✅ En İyi Model: 78.43%
2026-01-11 09:40:24,780 - 
🏆 FINAL TEST (RESNET-PRO)
